<?xml version="1.0" encoding="UTF-8"?>
<coverage generated="1759125898815" clover="3.2.0">
  <project timestamp="1759125898815" name="All files">
    <metrics statements="36" coveredstatements="28" conditionals="35" coveredconditionals="21" methods="10" coveredmethods="8" elements="81" coveredelements="57" complexity="0" loc="36" ncloc="36" packages="1" files="1" classes="1"/>
    <file name="StarRating.tsx" path="D:\react\react\react-assignments\star-rating\src\StarRating.tsx">
      <metrics statements="36" coveredstatements="28" conditionals="35" coveredconditionals="21" methods="10" coveredmethods="8"/>
      <line num="1" count="1" type="stmt"/>
      <line num="2" count="1" type="stmt"/>
      <line num="20" count="48" type="stmt"/>
      <line num="21" count="48" type="stmt"/>
      <line num="23" count="48" type="stmt"/>
      <line num="24" count="48" type="stmt"/>
      <line num="26" count="48" type="stmt"/>
      <line num="27" count="12" type="cond" truecount="1" falsecount="1"/>
      <line num="28" count="12" type="stmt"/>
      <line num="31" count="48" type="stmt"/>
      <line num="32" count="7" type="cond" truecount="1" falsecount="1"/>
      <line num="33" count="7" type="stmt"/>
      <line num="36" count="48" type="stmt"/>
      <line num="37" count="9" type="cond" truecount="1" falsecount="1"/>
      <line num="38" count="9" type="stmt"/>
      <line num="39" count="9" type="stmt"/>
      <line num="42" count="48" type="stmt"/>
      <line num="43" count="0" type="cond" truecount="0" falsecount="2"/>
      <line num="45" count="0" type="cond" truecount="0" falsecount="4"/>
      <line num="46" count="0" type="stmt"/>
      <line num="47" count="0" type="stmt"/>
      <line num="51" count="0" type="stmt"/>
      <line num="56" count="48" type="cond" truecount="2" falsecount="0"/>
      <line num="57" count="2" type="stmt"/>
      <line num="60" count="46" type="stmt"/>
      <line num="61" count="1319" type="cond" truecount="1" falsecount="2"/>
      <line num="62" count="0" type="stmt"/>
      <line num="63" count="0" type="stmt"/>
      <line num="64" count="1319" type="stmt"/>
      <line num="68" count="46" type="stmt"/>
      <line num="75" count="1319" type="cond" truecount="2" falsecount="0"/>
      <line num="76" count="1319" type="stmt"/>
      <line num="80" count="12" type="stmt"/>
      <line num="82" count="9" type="stmt"/>
      <line num="83" count="0" type="stmt"/>
      <line num="98" count="1" type="stmt"/>
    </file>
  </project>
</coverage>
