{"D:\\react\\react\\react-assignments\\star-rating\\src\\StarRating.tsx": {"path":"D:\\react\\react\\react-assignments\\star-rating\\src\\StarRating.tsx","statementMap":{"0":{"start":{"line":1,"column":0},"end":{"line":1,"column":33}},"1":{"start":{"line":2,"column":0},"end":{"line":2,"column":18}},"2":{"start":{"line":20,"column":33},"end":{"line":20,"column":71}},"3":{"start":{"line":21,"column":33},"end":{"line":21,"column":110}},"4":{"start":{"line":23,"column":46},"end":{"line":23,"column":78}},"5":{"start":{"line":24,"column":44},"end":{"line":24,"column":56}},"6":{"start":{"line":26,"column":27},"end":{"line":29,"column":3}},"7":{"start":{"line":27,"column":4},"end":{"line":27,"column":25}},"8":{"start":{"line":27,"column":18},"end":{"line":27,"column":25}},"9":{"start":{"line":28,"column":4},"end":{"line":28,"column":24}},"10":{"start":{"line":31,"column":27},"end":{"line":34,"column":3}},"11":{"start":{"line":32,"column":4},"end":{"line":32,"column":25}},"12":{"start":{"line":32,"column":18},"end":{"line":32,"column":25}},"13":{"start":{"line":33,"column":4},"end":{"line":33,"column":25}},"14":{"start":{"line":36,"column":22},"end":{"line":40,"column":3}},"15":{"start":{"line":37,"column":4},"end":{"line":37,"column":25}},"16":{"start":{"line":37,"column":18},"end":{"line":37,"column":25}},"17":{"start":{"line":38,"column":4},"end":{"line":38,"column":25}},"18":{"start":{"line":39,"column":4},"end":{"line":39,"column":28}},"19":{"start":{"line":42,"column":24},"end":{"line":53,"column":3}},"20":{"start":{"line":43,"column":4},"end":{"line":43,"column":25}},"21":{"start":{"line":43,"column":18},"end":{"line":43,"column":25}},"22":{"start":{"line":45,"column":4},"end":{"line":52,"column":5}},"23":{"start":{"line":46,"column":6},"end":{"line":46,"column":25}},"24":{"start":{"line":47,"column":34},"end":{"line":50,"column":68}},"25":{"start":{"line":51,"column":6},"end":{"line":51,"column":42}},"26":{"start":{"line":56,"column":2},"end":{"line":58,"column":3}},"27":{"start":{"line":57,"column":4},"end":{"line":57,"column":72}},"28":{"start":{"line":60,"column":23},"end":{"line":66,"column":3}},"29":{"start":{"line":61,"column":4},"end":{"line":65,"column":5}},"30":{"start":{"line":62,"column":20},"end":{"line":62,"column":40}},"31":{"start":{"line":63,"column":20},"end":{"line":63,"column":40}},"32":{"start":{"line":64,"column":15},"end":{"line":64,"column":25}},"33":{"start":{"line":68,"column":2},"end":{"line":95,"column":4}},"34":{"start":{"line":75,"column":25},"end":{"line":75,"column":83}},"35":{"start":{"line":76,"column":8},"end":{"line":92,"column":10}},"36":{"start":{"line":80,"column":33},"end":{"line":80,"column":55}},"37":{"start":{"line":82,"column":32},"end":{"line":82,"column":49}},"38":{"start":{"line":83,"column":30},"end":{"line":83,"column":49}},"39":{"start":{"line":98,"column":0},"end":{"line":98,"column":null}}},"fnMap":{"0":{"name":"StarRating","decl":{"start":{"line":12,"column":9},"end":{"line":12,"column":19}},"loc":{"start":{"line":18,"column":18},"end":{"line":96,"column":1}}},"1":{"name":"(anonymous_1)","decl":{"start":{"line":26,"column":27},"end":{"line":26,"column":28}},"loc":{"start":{"line":26,"column":92},"end":{"line":29,"column":3}}},"2":{"name":"(anonymous_2)","decl":{"start":{"line":31,"column":27},"end":{"line":31,"column":30}},"loc":{"start":{"line":31,"column":32},"end":{"line":34,"column":3}}},"3":{"name":"(anonymous_3)","decl":{"start":{"line":36,"column":22},"end":{"line":36,"column":23}},"loc":{"start":{"line":36,"column":87},"end":{"line":40,"column":3}}},"4":{"name":"(anonymous_4)","decl":{"start":{"line":42,"column":24},"end":{"line":42,"column":25}},"loc":{"start":{"line":42,"column":79},"end":{"line":53,"column":3}}},"5":{"name":"(anonymous_5)","decl":{"start":{"line":60,"column":23},"end":{"line":60,"column":26}},"loc":{"start":{"line":60,"column":28},"end":{"line":66,"column":3}}},"6":{"name":"(anonymous_6)","decl":{"start":{"line":74,"column":53},"end":{"line":74,"column":54}},"loc":{"start":{"line":74,"column":62},"end":{"line":93,"column":7}}},"7":{"name":"(anonymous_7)","decl":{"start":{"line":80,"column":26},"end":{"line":80,"column":27}},"loc":{"start":{"line":80,"column":33},"end":{"line":80,"column":55}}},"8":{"name":"(anonymous_8)","decl":{"start":{"line":82,"column":25},"end":{"line":82,"column":26}},"loc":{"start":{"line":82,"column":32},"end":{"line":82,"column":49}}},"9":{"name":"(anonymous_9)","decl":{"start":{"line":83,"column":23},"end":{"line":83,"column":24}},"loc":{"start":{"line":83,"column":30},"end":{"line":83,"column":49}}}},"branchMap":{"0":{"loc":{"start":{"line":13,"column":2},"end":{"line":13,"column":19}},"type":"default-arg","locations":[{"start":{"line":13,"column":18},"end":{"line":13,"column":19}}]},"1":{"loc":{"start":{"line":15,"column":2},"end":{"line":15,"column":20}},"type":"default-arg","locations":[{"start":{"line":15,"column":18},"end":{"line":15,"column":20}}]},"2":{"loc":{"start":{"line":16,"column":2},"end":{"line":16,"column":18}},"type":"default-arg","locations":[{"start":{"line":16,"column":13},"end":{"line":16,"column":18}}]},"3":{"loc":{"start":{"line":17,"column":2},"end":{"line":17,"column":17}},"type":"default-arg","locations":[{"start":{"line":17,"column":9},"end":{"line":17,"column":17}}]},"4":{"loc":{"start":{"line":27,"column":4},"end":{"line":27,"column":25}},"type":"if","locations":[{"start":{"line":27,"column":4},"end":{"line":27,"column":25}},{"start":{},"end":{}}]},"5":{"loc":{"start":{"line":32,"column":4},"end":{"line":32,"column":25}},"type":"if","locations":[{"start":{"line":32,"column":4},"end":{"line":32,"column":25}},{"start":{},"end":{}}]},"6":{"loc":{"start":{"line":37,"column":4},"end":{"line":37,"column":25}},"type":"if","locations":[{"start":{"line":37,"column":4},"end":{"line":37,"column":25}},{"start":{},"end":{}}]},"7":{"loc":{"start":{"line":43,"column":4},"end":{"line":43,"column":25}},"type":"if","locations":[{"start":{"line":43,"column":4},"end":{"line":43,"column":25}},{"start":{},"end":{}}]},"8":{"loc":{"start":{"line":45,"column":4},"end":{"line":52,"column":5}},"type":"if","locations":[{"start":{"line":45,"column":4},"end":{"line":52,"column":5}},{"start":{},"end":{}}]},"9":{"loc":{"start":{"line":45,"column":8},"end":{"line":45,"column":42}},"type":"binary-expr","locations":[{"start":{"line":45,"column":8},"end":{"line":45,"column":25}},{"start":{"line":45,"column":29},"end":{"line":45,"column":42}}]},"10":{"loc":{"start":{"line":56,"column":2},"end":{"line":58,"column":3}},"type":"if","locations":[{"start":{"line":56,"column":2},"end":{"line":58,"column":3}},{"start":{},"end":{}}]},"11":{"loc":{"start":{"line":61,"column":4},"end":{"line":65,"column":5}},"type":"switch","locations":[{"start":{"line":62,"column":6},"end":{"line":62,"column":40}},{"start":{"line":63,"column":6},"end":{"line":63,"column":40}},{"start":{"line":64,"column":6},"end":{"line":64,"column":25}}]},"12":{"loc":{"start":{"line":70,"column":25},"end":{"line":70,"column":51}},"type":"cond-expr","locations":[{"start":{"line":70,"column":36},"end":{"line":70,"column":46}},{"start":{"line":70,"column":49},"end":{"line":70,"column":51}}]},"13":{"loc":{"start":{"line":75,"column":31},"end":{"line":75,"column":82}},"type":"cond-expr","locations":[{"start":{"line":75,"column":52},"end":{"line":75,"column":65}},{"start":{"line":75,"column":68},"end":{"line":75,"column":82}}]},"14":{"loc":{"start":{"line":79,"column":49},"end":{"line":79,"column":73}},"type":"cond-expr","locations":[{"start":{"line":79,"column":60},"end":{"line":79,"column":68}},{"start":{"line":79,"column":71},"end":{"line":79,"column":73}}]},"15":{"loc":{"start":{"line":84,"column":22},"end":{"line":84,"column":39}},"type":"cond-expr","locations":[{"start":{"line":84,"column":33},"end":{"line":84,"column":35}},{"start":{"line":84,"column":38},"end":{"line":84,"column":39}}]},"16":{"loc":{"start":{"line":87,"column":40},"end":{"line":87,"column":58}},"type":"cond-expr","locations":[{"start":{"line":87,"column":50},"end":{"line":87,"column":52}},{"start":{"line":87,"column":55},"end":{"line":87,"column":58}}]},"17":{"loc":{"start":{"line":88,"column":29},"end":{"line":88,"column":65}},"type":"cond-expr","locations":[{"start":{"line":88,"column":40},"end":{"line":88,"column":53}},{"start":{"line":88,"column":56},"end":{"line":88,"column":65}}]},"18":{"loc":{"start":{"line":90,"column":13},"end":{"line":90,"column":33}},"type":"cond-expr","locations":[{"start":{"line":90,"column":24},"end":{"line":90,"column":27}},{"start":{"line":90,"column":30},"end":{"line":90,"column":33}}]}},"s":{"0":1,"1":1,"2":48,"3":48,"4":48,"5":48,"6":48,"7":12,"8":0,"9":12,"10":48,"11":7,"12":0,"13":7,"14":48,"15":9,"16":0,"17":9,"18":9,"19":48,"20":0,"21":0,"22":0,"23":0,"24":0,"25":0,"26":48,"27":2,"28":46,"29":1319,"30":0,"31":0,"32":1319,"33":46,"34":1319,"35":1319,"36":12,"37":9,"38":0,"39":1},"f":{"0":48,"1":12,"2":7,"3":9,"4":0,"5":1319,"6":1319,"7":12,"8":9,"9":0},"b":{"0":[1],"1":[48],"2":[48],"3":[48],"4":[0,12],"5":[0,7],"6":[0,9],"7":[0,0],"8":[0,0],"9":[0,0],"10":[2,46],"11":[0,0,1319],"12":[0,46],"13":[105,1214],"14":[78,1241],"15":[0,1319],"16":[46,1273],"17":[0,1319],"18":[78,1241]}}
}
