TN:
SF:src\StarRating.tsx
FN:12,StarRating
FN:26,(anonymous_1)
FN:31,(anonymous_2)
FN:36,(anonymous_3)
FN:42,(anonymous_4)
FN:60,(anonymous_5)
FN:74,(anonymous_6)
FN:80,(anonymous_7)
FN:82,(anonymous_8)
FN:83,(anonymous_9)
FNF:10
FNH:8
FNDA:48,StarRating
FNDA:12,(anonymous_1)
FNDA:7,(anonymous_2)
FNDA:9,(anonymous_3)
FNDA:0,(anonymous_4)
FNDA:1319,(anonymous_5)
FNDA:1319,(anonymous_6)
FNDA:12,(anonymous_7)
FNDA:9,(anonymous_8)
FNDA:0,(anonymous_9)
DA:1,1
DA:2,1
DA:20,48
DA:21,48
DA:23,48
DA:24,48
DA:26,48
DA:27,12
DA:28,12
DA:31,48
DA:32,7
DA:33,7
DA:36,48
DA:37,9
DA:38,9
DA:39,9
DA:42,48
DA:43,0
DA:45,0
DA:46,0
DA:47,0
DA:51,0
DA:56,48
DA:57,2
DA:60,46
DA:61,1319
DA:62,0
DA:63,0
DA:64,1319
DA:68,46
DA:75,1319
DA:76,1319
DA:80,12
DA:82,9
DA:83,0
DA:98,1
LF:36
LH:28
BRDA:13,0,0,1
BRDA:15,1,0,48
BRDA:16,2,0,48
BRDA:17,3,0,48
BRDA:27,4,0,0
BRDA:27,4,1,12
BRDA:32,5,0,0
BRDA:32,5,1,7
BRDA:37,6,0,0
BRDA:37,6,1,9
BRDA:43,7,0,0
BRDA:43,7,1,0
BRDA:45,8,0,0
BRDA:45,8,1,0
BRDA:45,9,0,0
BRDA:45,9,1,0
BRDA:56,10,0,2
BRDA:56,10,1,46
BRDA:61,11,0,0
BRDA:61,11,1,0
BRDA:61,11,2,1319
BRDA:70,12,0,0
BRDA:70,12,1,46
BRDA:75,13,0,105
BRDA:75,13,1,1214
BRDA:79,14,0,78
BRDA:79,14,1,1241
BRDA:84,15,0,0
BRDA:84,15,1,1319
BRDA:87,16,0,46
BRDA:87,16,1,1273
BRDA:88,17,0,0
BRDA:88,17,1,1319
BRDA:90,18,0,78
BRDA:90,18,1,1241
BRF:35
BRH:21
end_of_record
